[2024-08-14T22:51:08.263+0000] {local_task_job_runner.py:120} INFO - ::group::Pre task execution logs
[2024-08-14T22:51:08.285+0000] {taskinstance.py:2076} INFO - Dependencies all met for dep_context=non-requeueable deps ti=<TaskInstance: etl_reddit_pipeline.reddit_extraction manual__2024-08-14T22:51:05.716429+00:00 [queued]>
[2024-08-14T22:51:08.292+0000] {taskinstance.py:2076} INFO - Dependencies all met for dep_context=requeueable deps ti=<TaskInstance: etl_reddit_pipeline.reddit_extraction manual__2024-08-14T22:51:05.716429+00:00 [queued]>
[2024-08-14T22:51:08.293+0000] {taskinstance.py:2306} INFO - Starting attempt 1 of 1
[2024-08-14T22:51:08.307+0000] {taskinstance.py:2330} INFO - Executing <Task(PythonOperator): reddit_extraction> on 2024-08-14 22:51:05.716429+00:00
[2024-08-14T22:51:08.323+0000] {standard_task_runner.py:64} INFO - Started process 56 to run task
[2024-08-14T22:51:08.329+0000] {standard_task_runner.py:90} INFO - Running: ['airflow', 'tasks', 'run', 'etl_reddit_pipeline', 'reddit_extraction', 'manual__2024-08-14T22:51:05.716429+00:00', '--job-id', '6', '--raw', '--subdir', 'DAGS_FOLDER/reddit_dag.py', '--cfg-path', '/tmp/tmpda4qv5_z']
[2024-08-14T22:51:08.334+0000] {standard_task_runner.py:91} INFO - Job 6: Subtask reddit_extraction
[2024-08-14T22:51:08.433+0000] {task_command.py:426} INFO - Running <TaskInstance: etl_reddit_pipeline.reddit_extraction manual__2024-08-14T22:51:05.716429+00:00 [running]> on host 15d5e5353726
[2024-08-14T22:51:08.568+0000] {taskinstance.py:2648} INFO - Exporting env vars: AIRFLOW_CTX_DAG_OWNER='Dinesh Saraswat' AIRFLOW_CTX_DAG_ID='etl_reddit_pipeline' AIRFLOW_CTX_TASK_ID='reddit_extraction' AIRFLOW_CTX_EXECUTION_DATE='2024-08-14T22:51:05.716429+00:00' AIRFLOW_CTX_TRY_NUMBER='1' AIRFLOW_CTX_DAG_RUN_ID='manual__2024-08-14T22:51:05.716429+00:00'
[2024-08-14T22:51:08.569+0000] {taskinstance.py:430} INFO - ::endgroup::
[2024-08-14T22:51:08.879+0000] {logging_mixin.py:188} INFO - Connected to reddit!
[2024-08-14T22:51:08.880+0000] {taskinstance.py:441} INFO - ::group::Post task execution logs
[2024-08-14T22:51:08.882+0000] {taskinstance.py:2905} ERROR - Task failed with exception
Traceback (most recent call last):
  File "/home/airflow/.local/lib/python3.9/site-packages/airflow/models/taskinstance.py", line 465, in _execute_task
    result = _execute_callable(context=context, **execute_callable_kwargs)
  File "/home/airflow/.local/lib/python3.9/site-packages/airflow/models/taskinstance.py", line 432, in _execute_callable
    return execute_callable(context=context, **execute_callable_kwargs)
  File "/home/airflow/.local/lib/python3.9/site-packages/airflow/models/baseoperator.py", line 401, in wrapper
    return func(self, *args, **kwargs)
  File "/home/airflow/.local/lib/python3.9/site-packages/airflow/operators/python.py", line 235, in execute
    return_value = self.execute_callable()
  File "/home/airflow/.local/lib/python3.9/site-packages/airflow/operators/python.py", line 252, in execute_callable
    return self.python_callable(*self.op_args, **self.op_kwargs)
  File "/opt/airflow/pipelines/reddit_pipeline.py", line 9, in reddit_pipeline
    posts = extract_posts(instance, subreddit, time_filter, limit)
NameError: name 'extract_posts' is not defined
[2024-08-14T22:51:08.899+0000] {taskinstance.py:1206} INFO - Marking task as FAILED. dag_id=etl_reddit_pipeline, task_id=reddit_extraction, run_id=manual__2024-08-14T22:51:05.716429+00:00, execution_date=20240814T225105, start_date=20240814T225108, end_date=20240814T225108
[2024-08-14T22:51:08.914+0000] {standard_task_runner.py:110} ERROR - Failed to execute job 6 for task reddit_extraction (name 'extract_posts' is not defined; 56)
[2024-08-14T22:51:08.963+0000] {local_task_job_runner.py:243} INFO - Task exited with return code 1
[2024-08-14T22:51:08.983+0000] {taskinstance.py:3503} INFO - 0 downstream tasks scheduled from follow-on schedule check
[2024-08-14T22:51:08.984+0000] {local_task_job_runner.py:222} INFO - ::endgroup::
